<?xml version="1.0" encoding="UTF-8"?>
<!-- Generated by org.testng.reporters.JUnitXMLReporter -->
<testsuite ignored="0" hostname="LAPTOP-C8T636DE" failures="0" tests="1" name="LoginTest" time="0.043" errors="0" timestamp="2022-08-20T21:49:58 EDT">
  <testcase classname="com.w2a.base.TestBase" name="@BeforeSuite setUp" time="0.012">
    <failure type="java.lang.NullPointerException" message="Cannot invoke &amp;quot;org.openqa.selenium.WebDriver.get(String)&amp;quot; because &amp;quot;com.w2a.base.TestBase.driver&amp;quot; is null">
      <![CDATA[java.lang.NullPointerException: Cannot invoke "org.openqa.selenium.WebDriver.get(String)" because "com.w2a.base.TestBase.driver" is null
at com.w2a.base.TestBase.setUp(TestBase.java:76)
... Removed 19 stack frames]]>
    </failure>
  </testcase> <!-- @BeforeSuite setUp -->
  <testcase classname="com.w2a.testcases.LoginTest" name="loginAsBankManager" time="0.001">
    <skipped/>
  </testcase> <!-- loginAsBankManager -->
</testsuite> <!-- LoginTest -->
